#
# There is insufficient memory for the Java Runtime Environment to continue.
# Native memory allocation (mmap) failed to map 257949696 bytes for G1 virtual space
# Possible reasons:
#   The system is out of physical RAM or swap space
#   The process is running with CompressedOops enabled, and the Java Heap may be blocking the growth of the native heap
# Possible solutions:
#   Reduce memory load on the system
#   Increase physical memory or swap space
#   Check if swap backing store is full
#   Decrease Java heap size (-Xmx/-Xms)
#   Decrease number of Java threads
#   Decrease Java thread stack sizes (-Xss)
#   Set larger code cache with -XX:ReservedCodeCacheSize=
#   JVM is running with Zero Based Compressed Oops mode in which the Java heap is
#     placed in the first 32GB address space. The Java Heap base address is the
#     maximum limit for the native heap growth. Please use -XX:HeapBaseMinAddress
#     to set the Java Heap base and to place the Java Heap above 32GB virtual address.
# This output file may be truncated or incomplete.
#
#  Out of Memory Error (os_windows.cpp:3557), pid=13236, tid=11204
#
# JRE version:  (17.0.6+10) (build )
# Java VM: OpenJDK 64-Bit Server VM (17.0.6+10-LTS, mixed mode, emulated-client, sharing, tiered, compressed oops, compressed class ptrs, g1 gc, windows-amd64)
# No core dump will be written. Minidumps are not enabled by default on client versions of Windows
#

---------------  S U M M A R Y ------------

Command Line: -XX:TieredStopAtLevel=1 -Xverify:none -Dspring.output.ansi.enabled=always -Dcom.sun.management.jmxremote -Dspring.jmx.enabled=true -Dspring.liveBeansView.mbeanDomain -Dspring.application.admin.enabled=true -javaagent:C:\Program Files\JetBrains\IntelliJ IDEA 2022.1\lib\idea_rt.jar=51967:C:\Program Files\JetBrains\IntelliJ IDEA 2022.1\bin -Dfile.encoding=UTF-8 com.mservice.servicea.ServiceAApplication

Host: AMD Ryzen 5 5600H with Radeon Graphics         , 12 cores, 15G,  Windows 11 , 64 bit Build 22000 (10.0.22000.2360)
Time: Tue Oct 17 11:43:40 2023 Greenwich elapsed time: 0.012908 seconds (0d 0h 0m 0s)

---------------  T H R E A D  ---------------

Current thread (0x000001ee4ee84870):  JavaThread "Unknown thread" [_thread_in_vm, id=11204, stack(0x0000005f02200000,0x0000005f02300000)]

Stack: [0x0000005f02200000,0x0000005f02300000]
Native frames: (J=compiled Java code, j=interpreted, Vv=VM code, C=native code)
V  [jvm.dll+0x64b39a]
V  [jvm.dll+0x7ff044]
V  [jvm.dll+0x8007fe]
V  [jvm.dll+0x800e53]
V  [jvm.dll+0x235848]
V  [jvm.dll+0x6482fa]
V  [jvm.dll+0x63ca0a]
V  [jvm.dll+0x2f3d59]
V  [jvm.dll+0x2faee6]
V  [jvm.dll+0x34755a]
V  [jvm.dll+0x34779f]
V  [jvm.dll+0x2ca128]
V  [jvm.dll+0x2cb0b9]
V  [jvm.dll+0x7d2751]
V  [jvm.dll+0x354a21]
V  [jvm.dll+0x7b2c9e]
V  [jvm.dll+0x3d16c3]
V  [jvm.dll+0x3d30c1]
C  [jli.dll+0x519f]
C  [ucrtbase.dll+0x26c0c]
C  [KERNEL32.DLL+0x153e0]
C  [ntdll.dll+0x485b]


---------------  P R O C E S S  ---------------

Threads class SMR info:
_java_thread_list=0x00007ffd3960b858, length=0, elements={
}

Java Threads: ( => current thread )

Other Threads:
  0x000001ee4eeecc50 GCTaskThread "GC Thread#0" [stack: 0x0000005f02300000,0x0000005f02400000] [id=22264]
  0x000001ee4eefd150 ConcurrentGCThread "G1 Main Marker" [stack: 0x0000005f02400000,0x0000005f02500000] [id=9428]
  0x000001ee4eefe3a0 ConcurrentGCThread "G1 Conc#0" [stack: 0x0000005f02500000,0x0000005f02600000] [id=25224]

[error occurred during error reporting (printing all threads), id 0xc0000005, EXCEPTION_ACCESS_VIOLATION (0xc0000005) at pc=0x00007ffd38dfb387]

VM state: not at safepoint (not fully initialized)

VM Mutex/Monitor currently owned by a thread:  ([mutex/lock_event])
[0x000001ee4ee80040] Heap_lock - owner thread: 0x000001ee4ee84870

Heap address: 0x000000070a400000, size: 3932 MB, Compressed Oops mode: Zero based, Oop shift amount: 3

CDS archive(s) mapped at: [0x0000000000000000-0x0000000000000000-0x0000000000000000), size 0, SharedBaseAddress: 0x0000000800000000, ArchiveRelocationMode: 0.
Narrow klass base: 0x0000000000000000, Narrow klass shift: 0, Narrow klass range: 0x0

GC Precious Log:
<Empty>

Heap:
 garbage-first heap   total 0K, used 0K [0x000000070a400000, 0x0000000800000000)
  region size 2048K, 0 young (0K), 0 survivors (0K)

[error occurred during error reporting (printing heap information), id 0xc0000005, EXCEPTION_ACCESS_VIOLATION (0xc0000005) at pc=0x00007ffd391c2dd9]

GC Heap History (0 events):
No events

Dll operation events (1 events):
Event: 0.008 Loaded shared library C:\Users\dieng\.jdks\corretto-17.0.6\bin\java.dll

Deoptimization events (0 events):
No events

Classes unloaded (0 events):
No events

Classes redefined (0 events):
No events

Internal exceptions (0 events):
No events

VM Operations (0 events):
No events

Events (0 events):
No events


Dynamic libraries:
0x00007ff63bc30000 - 0x00007ff63bc3d000 	C:\Users\dieng\.jdks\corretto-17.0.6\bin\java.exe
0x00007ffd7f1c0000 - 0x00007ffd7f3c9000 	C:\Windows\SYSTEM32\ntdll.dll
0x00007ffd7d5b0000 - 0x00007ffd7d66d000 	C:\Windows\System32\KERNEL32.DLL
0x00007ffd7c690000 - 0x00007ffd7ca14000 	C:\Windows\System32\KERNELBASE.dll
0x00007ffd7cec0000 - 0x00007ffd7cfd1000 	C:\Windows\System32\ucrtbase.dll
0x00007ffd69d00000 - 0x00007ffd69d15000 	C:\Users\dieng\.jdks\corretto-17.0.6\bin\VCRUNTIME140.dll
0x00007ffd6a440000 - 0x00007ffd6a457000 	C:\Users\dieng\.jdks\corretto-17.0.6\bin\jli.dll
0x00007ffd7e050000 - 0x00007ffd7e1fd000 	C:\Windows\System32\USER32.dll
0x00007ffd631b0000 - 0x00007ffd63455000 	C:\Windows\WinSxS\amd64_microsoft.windows.common-controls_6595b64144ccf1df_6.0.22000.120_none_9d947278b86cc467\COMCTL32.dll
0x00007ffd7cc50000 - 0x00007ffd7cc76000 	C:\Windows\System32\win32u.dll
0x00007ffd7da60000 - 0x00007ffd7db03000 	C:\Windows\System32\msvcrt.dll
0x00007ffd7dbe0000 - 0x00007ffd7dc0a000 	C:\Windows\System32\GDI32.dll
0x00007ffd7cda0000 - 0x00007ffd7cebe000 	C:\Windows\System32\gdi32full.dll
0x00007ffd7cd00000 - 0x00007ffd7cd9d000 	C:\Windows\System32\msvcp_win.dll
0x00007ffd7d480000 - 0x00007ffd7d4b1000 	C:\Windows\System32\IMM32.DLL
0x00007ffd66400000 - 0x00007ffd6649b000 	C:\Users\dieng\.jdks\corretto-17.0.6\bin\msvcp140.dll
0x00007ffd38b20000 - 0x00007ffd39738000 	C:\Users\dieng\.jdks\corretto-17.0.6\bin\server\jvm.dll
0x00007ffd7dd30000 - 0x00007ffd7ddde000 	C:\Windows\System32\ADVAPI32.dll
0x00007ffd7d3e0000 - 0x00007ffd7d47e000 	C:\Windows\System32\sechost.dll
0x00007ffd7d1d0000 - 0x00007ffd7d2f1000 	C:\Windows\System32\RPCRT4.dll
0x00007ffd67040000 - 0x00007ffd67049000 	C:\Windows\SYSTEM32\WSOCK32.dll
0x00007ffd7a360000 - 0x00007ffd7a393000 	C:\Windows\SYSTEM32\WINMM.dll
0x00007ffd71870000 - 0x00007ffd7187a000 	C:\Windows\SYSTEM32\VERSION.dll
0x00007ffd7ef30000 - 0x00007ffd7ef9f000 	C:\Windows\System32\WS2_32.dll
0x00007ffd7b650000 - 0x00007ffd7b668000 	C:\Windows\SYSTEM32\kernel.appcore.dll
0x00007ffd6cf50000 - 0x00007ffd6cf5a000 	C:\Users\dieng\.jdks\corretto-17.0.6\bin\jimage.dll
0x00007ffd79d90000 - 0x00007ffd79fb1000 	C:\Windows\SYSTEM32\DBGHELP.DLL
0x00007ffd671e0000 - 0x00007ffd67211000 	C:\Windows\SYSTEM32\dbgcore.DLL
0x00007ffd7cc80000 - 0x00007ffd7ccff000 	C:\Windows\System32\bcryptPrimitives.dll
0x00007ffd677b0000 - 0x00007ffd677be000 	C:\Users\dieng\.jdks\corretto-17.0.6\bin\instrument.dll
0x00007ffd68830000 - 0x00007ffd68855000 	C:\Users\dieng\.jdks\corretto-17.0.6\bin\java.dll

dbghelp: loaded successfully - version: 4.0.5 - missing functions: none
symbol engine: initialized successfully - sym options: 0x614 - pdb path: .;C:\Users\dieng\.jdks\corretto-17.0.6\bin;C:\Windows\SYSTEM32;C:\Windows\WinSxS\amd64_microsoft.windows.common-controls_6595b64144ccf1df_6.0.22000.120_none_9d947278b86cc467;C:\Users\dieng\.jdks\corretto-17.0.6\bin\server

VM Arguments:
jvm_args: -XX:TieredStopAtLevel=1 -Xverify:none -Dspring.output.ansi.enabled=always -Dcom.sun.management.jmxremote -Dspring.jmx.enabled=true -Dspring.liveBeansView.mbeanDomain -Dspring.application.admin.enabled=true -javaagent:C:\Program Files\JetBrains\IntelliJ IDEA 2022.1\lib\idea_rt.jar=51967:C:\Program Files\JetBrains\IntelliJ IDEA 2022.1\bin -Dfile.encoding=UTF-8 
java_command: com.mservice.servicea.ServiceAApplication
java_class_path (initial): C:\Users\dieng\OneDrive\Documents\projet_java\formation\service-A\target\classes;C:\Users\dieng\.m2\repository\org\springframework\cloud\spring-cloud-starter-config\4.0.4\spring-cloud-starter-config-4.0.4.jar;C:\Users\dieng\.m2\repository\org\springframework\cloud\spring-cloud-starter\4.0.4\spring-cloud-starter-4.0.4.jar;C:\Users\dieng\.m2\repository\org\springframework\cloud\spring-cloud-context\4.0.4\spring-cloud-context-4.0.4.jar;C:\Users\dieng\.m2\repository\org\springframework\security\spring-security-crypto\6.1.4\spring-security-crypto-6.1.4.jar;C:\Users\dieng\.m2\repository\org\springframework\cloud\spring-cloud-commons\4.0.4\spring-cloud-commons-4.0.4.jar;C:\Users\dieng\.m2\repository\org\springframework\security\spring-security-rsa\1.0.12.RELEASE\spring-security-rsa-1.0.12.RELEASE.jar;C:\Users\dieng\.m2\repository\org\bouncycastle\bcpkix-jdk18on\1.73\bcpkix-jdk18on-1.73.jar;C:\Users\dieng\.m2\repository\org\bouncycastle\bcprov-jdk18on\1.73\bcprov-jdk18on-1.73.jar;C:\Users\dieng\.m2\repository\org\bouncycastle\bcutil-jdk18on\1.73\bcutil-jdk18on-1.73.jar;C:\Users\dieng\.m2\repository\org\springframework\cloud\spring-cloud-config-client\4.0.4\spring-cloud-config-client-4.0.4.jar;C:\Users\dieng\.m2\repository\org\springframework\boot\spring-boot-autoconfigure\3.1.4\spring-boot-autoconfigure-3.1.4.jar;C:\Users\dieng\.m2\repository\org\springframework\spring-web\6.0.12\spring-web-6.0.12.jar;C:\Users\dieng\.m2\repository\org\springframework\spring-beans\6.0.12\spring-beans-6.0.12.jar;C:\Users\dieng\.m2\repository\io\micrometer\micrometer-observation\1.11.4\micrometer-observation-1.11.4.jar;C:\Users\dieng\.m2\repository\io\micrometer\micrometer-commons\1.11.4\micrometer-commons-1.11.4.jar;C:\Users\dieng\.m2\repository\com\fasterxml\jackson\core\jackson-annotations\2.15.2\jackson-annotations-2.15.2.jar;C:\Users\dieng\.m2\repository\org\apache\httpcomponents\client5\httpclient5\5.2.1\httpclient5-5.2.1.jar;C:\Users\dieng\.m2\repository\org
Launcher Type: SUN_STANDARD

[Global flags]
     intx CICompilerCount                          = 4                                         {product} {ergonomic}
     uint ConcGCThreads                            = 3                                         {product} {ergonomic}
     uint G1ConcRefinementThreads                  = 10                                        {product} {ergonomic}
   size_t G1HeapRegionSize                         = 2097152                                   {product} {ergonomic}
    uintx GCDrainStackTargetSize                   = 64                                        {product} {ergonomic}
   size_t InitialHeapSize                          = 257949696                                 {product} {ergonomic}
     bool ManagementServer                         = true                                      {product} {command line}
   size_t MarkStackSize                            = 4194304                                   {product} {ergonomic}
   size_t MaxHeapSize                              = 4123000832                                {product} {ergonomic}
   size_t MinHeapDeltaBytes                        = 2097152                                   {product} {ergonomic}
   size_t MinHeapSize                              = 8388608                                   {product} {ergonomic}
    uintx NonProfiledCodeHeapSize                  = 0                                      {pd product} {ergonomic}
     bool ProfileInterpreter                       = false                                  {pd product} {command line}
    uintx ProfiledCodeHeapSize                     = 0                                      {pd product} {ergonomic}
   size_t SoftMaxHeapSize                          = 4123000832                             {manageable} {ergonomic}
     intx TieredStopAtLevel                        = 1                                         {product} {command line}
     bool UseCompressedClassPointers               = true                           {product lp64_product} {ergonomic}
     bool UseCompressedOops                        = true                           {product lp64_product} {ergonomic}
     bool UseG1GC                                  = true                                      {product} {ergonomic}
     bool UseLargePagesIndividualAllocation        = false                                  {pd product} {ergonomic}

Logging:
Log output configuration:
 #0: stdout all=warning uptime,level,tags
 #1: stderr all=off uptime,level,tags

Environment Variables:
JAVA_HOME=C:\Program Files\Java\jdk-18.0.1.1
PATH=C:\Program Files\Common Files\Oracle\Java\javapath;C:\Windows\system32;C:\Windows;C:\Windows\System32\Wbem;C:\Windows\System32\WindowsPowerShell\v1.0\;C:\Windows\System32\OpenSSH\;C:\xampp\php;C:\composer;C:\ProgramData\Microsoft\Windows\Start Menu\Programs\Git;C:\Program Files\nodejs\;C:\Program Files\Java\jdk-18.0.1.1\bin;C:\Program Files\Java\jdk1.8.0_251\bin;C:\Users\dieng\AppData\Roaming\npm;C:\Users\dieng\AppData\Roaming\npm;C:\Users\dieng\PostgreSQL\bin;C:\Program Files (x86)\dotnet\;C:\Program Files\wkhtmltopdf\bin;C:\Program Files\PostgreSQL\15\bin;C:\PROGRA~1\Red Gate\Flyway Desktop\;C:\Program Files\Java\jdk-18.0.1.1\bin;C:\Program Files\Git\cmd;C:\Users\dieng\AppData\Local\Programs\Python\Python310\Scripts\;C:\Users\dieng\AppData\Local\Programs\Python\Python310\;C:\Users\dieng\scoop\shims;C:\Users\dieng\AppData\Local\Microsoft\WindowsApps;C:\Users\dieng\AppData\Local\Programs\Microsoft VS Code\bin;C:\xampp\htdocs\php;C:\Users\dieng\AppData\Roaming\Composer\vendor\bin;C:\Program Files\Java\jre1.8.0_333\bin;C:\Program Files\Java\jdk1.8.0_251\bin;C:\Program Files;C:\Program Files\JetBrains\PyCharm Community Edition 2022.2\bin;;C:\Users\dieng\AppData\Roaming\npm;C:\Program Files\JetBrains\IntelliJ IDEA Community Edition 2022.3.2\bin;;C:\Program Files\JetBrains\IntelliJ IDEA 2022.1\bin;;
USERNAME=dieng
OS=Windows_NT
PROCESSOR_IDENTIFIER=AMD64 Family 25 Model 80 Stepping 0, AuthenticAMD
TMP=C:\Users\dieng\AppData\Local\Temp
TEMP=C:\Users\dieng\AppData\Local\Temp



---------------  S Y S T E M  ---------------

OS:
 Windows 11 , 64 bit Build 22000 (10.0.22000.2360)
OS uptime: 7 days 0:21 hours
Hyper-V role detected

CPU: total 12 (initial active 12) (12 cores per cpu, 2 threads per core) family 25 model 80 stepping 0 microcode 0x0, cx8, cmov, fxsr, ht, mmx, 3dnowpref, sse, sse2, sse3, ssse3, sse4a, sse4.1, sse4.2, popcnt, lzcnt, tsc, tscinvbit, avx, avx2, aes, erms, clmul, bmi1, bmi2, adx, sha, fma, vzeroupper, clflush, clflushopt, hv

Memory: 4k page, system-wide physical 15724M (1755M free)
TotalPageFile size 15724M (AvailPageFile size 84M)
current process WorkingSet (physical memory assigned to process): 10M, peak: 10M
current process commit charge ("private bytes"): 59M, peak: 305M

vm_info: OpenJDK 64-Bit Server VM (17.0.6+10-LTS) for windows-amd64 JRE (17.0.6+10-LTS), built on Jan 13 2023 22:57:04 by "Administrator" with MS VC++ 15.9 (VS2017)

END.
